[WebInterface] データ取得成功
UnityEngine.Debug:Log (object)
VRC.Udon.Wrapper.Modules.ExternUnityEngineDebug:__Log__SystemObject__SystemVoid (VRC.Udon.Common.Interfaces.IUdonHeap,System.Span`1<uint>)
VRC.Udon.VM.UdonVM:Interpret ()
VRC.Udon.UdonBehaviour:RunProgram (uint) (at ./Packages/com.vrchat.worlds/Runtime/Udon/UdonBehaviour.cs:1063)
VRC.Udon.UdonBehaviour:RunEvent<VRC.SDK3.StringLoading.VRCStringDownload> (string,System.ValueTuple`2<string, VRC.SDK3.StringLoading.VRCStringDownload>) (at ./Packages/com.vrchat.worlds/Runtime/Udon/UdonBehaviour.cs:1312)
VRC.SDK3.StringLoading.VRCStringDownload:CompletedRequest ()
VRC.SDK3.StringLoading.VRCStringDownload:<StartAtCorrectTime>b__33_1 (UnityEngine.AsyncOperation)
UnityEngine.AsyncOperation:InvokeCompletionEvent ()

[Fediverse] JSON解析成功
UnityEngine.Debug:Log (object)
VRC.Udon.Wrapper.Modules.ExternUnityEngineDebug:__Log__SystemObject__SystemVoid (VRC.Udon.Common.Interfaces.IUdonHeap,System.Span`1<uint>)
VRC.Udon.VM.UdonVM:Interpret ()
VRC.Udon.UdonBehaviour:RunProgram (uint) (at ./Packages/com.vrchat.worlds/Runtime/Udon/UdonBehaviour.cs:1063)
VRC.Udon.UdonBehaviour:RunProgram (string) (at ./Packages/com.vrchat.worlds/Runtime/Udon/UdonBehaviour.cs:1037)
VRC.Udon.UdonBehaviour:SendCustomEvent (string) (at ./Packages/com.vrchat.worlds/Runtime/Udon/UdonBehaviour.cs:1708)
VRC.Udon.Wrapper.Modules.ExternVRCUdonCommonInterfacesIUdonEventReceiver:__SendCustomEvent__SystemString__SystemVoid (VRC.Udon.Common.Interfaces.IUdonHeap,System.Span`1<uint>)
VRC.Udon.VM.UdonVM:Interpret ()
VRC.Udon.UdonBehaviour:RunProgram (uint) (at ./Packages/com.vrchat.worlds/Runtime/Udon/UdonBehaviour.cs:1063)
VRC.Udon.UdonBehaviour:RunEvent<VRC.SDK3.StringLoading.VRCStringDownload> (string,System.ValueTuple`2<string, VRC.SDK3.StringLoading.VRCStringDownload>) (at ./Packages/com.vrchat.worlds/Runtime/Udon/UdonBehaviour.cs:1312)
VRC.SDK3.StringLoading.VRCStringDownload:CompletedRequest ()
VRC.SDK3.StringLoading.VRCStringDownload:<StartAtCorrectTime>b__33_1 (UnityEngine.AsyncOperation)
UnityEngine.AsyncOperation:InvokeCompletionEvent ()

[Fediverse] 取得した投稿数: 100
UnityEngine.Debug:Log (object)
VRC.Udon.Wrapper.Modules.ExternUnityEngineDebug:__Log__SystemObject__SystemVoid (VRC.Udon.Common.Interfaces.IUdonHeap,System.Span`1<uint>)
VRC.Udon.VM.UdonVM:Interpret ()
VRC.Udon.UdonBehaviour:RunProgram (uint) (at ./Packages/com.vrchat.worlds/Runtime/Udon/UdonBehaviour.cs:1063)
VRC.Udon.UdonBehaviour:RunProgram (string) (at ./Packages/com.vrchat.worlds/Runtime/Udon/UdonBehaviour.cs:1037)
VRC.Udon.UdonBehaviour:SendCustomEvent (string) (at ./Packages/com.vrchat.worlds/Runtime/Udon/UdonBehaviour.cs:1708)
VRC.Udon.Wrapper.Modules.ExternVRCUdonCommonInterfacesIUdonEventReceiver:__SendCustomEvent__SystemString__SystemVoid (VRC.Udon.Common.Interfaces.IUdonHeap,System.Span`1<uint>)
VRC.Udon.VM.UdonVM:Interpret ()
VRC.Udon.UdonBehaviour:RunProgram (uint) (at ./Packages/com.vrchat.worlds/Runtime/Udon/UdonBehaviour.cs:1063)
VRC.Udon.UdonBehaviour:RunEvent<VRC.SDK3.StringLoading.VRCStringDownload> (string,System.ValueTuple`2<string, VRC.SDK3.StringLoading.VRCStringDownload>) (at ./Packages/com.vrchat.worlds/Runtime/Udon/UdonBehaviour.cs:1312)
VRC.SDK3.StringLoading.VRCStringDownload:CompletedRequest ()
VRC.SDK3.StringLoading.VRCStringDownload:<StartAtCorrectTime>b__33_1 (UnityEngine.AsyncOperation)
UnityEngine.AsyncOperation:InvokeCompletionEvent ()

[Fediverse] 表示する投稿数: 10
UnityEngine.Debug:Log (object)
VRC.Udon.Wrapper.Modules.ExternUnityEngineDebug:__Log__SystemObject__SystemVoid (VRC.Udon.Common.Interfaces.IUdonHeap,System.Span`1<uint>)
VRC.Udon.VM.UdonVM:Interpret ()
VRC.Udon.UdonBehaviour:RunProgram (uint) (at ./Packages/com.vrchat.worlds/Runtime/Udon/UdonBehaviour.cs:1063)
VRC.Udon.UdonBehaviour:RunProgram (string) (at ./Packages/com.vrchat.worlds/Runtime/Udon/UdonBehaviour.cs:1037)
VRC.Udon.UdonBehaviour:SendCustomEvent (string) (at ./Packages/com.vrchat.worlds/Runtime/Udon/UdonBehaviour.cs:1708)
VRC.Udon.Wrapper.Modules.ExternVRCUdonCommonInterfacesIUdonEventReceiver:__SendCustomEvent__SystemString__SystemVoid (VRC.Udon.Common.Interfaces.IUdonHeap,System.Span`1<uint>)
VRC.Udon.VM.UdonVM:Interpret ()
VRC.Udon.UdonBehaviour:RunProgram (uint) (at ./Packages/com.vrchat.worlds/Runtime/Udon/UdonBehaviour.cs:1063)
VRC.Udon.UdonBehaviour:RunEvent<VRC.SDK3.StringLoading.VRCStringDownload> (string,System.ValueTuple`2<string, VRC.SDK3.StringLoading.VRCStringDownload>) (at ./Packages/com.vrchat.worlds/Runtime/Udon/UdonBehaviour.cs:1312)
VRC.SDK3.StringLoading.VRCStringDownload:CompletedRequest ()
VRC.SDK3.StringLoading.VRCStringDownload:<StartAtCorrectTime>b__33_1 (UnityEngine.AsyncOperation)
UnityEngine.AsyncOperation:InvokeCompletionEvent ()

[Fediverse] postsContainer: Content, 子オブジェクト数: 0
UnityEngine.Debug:Log (object)
VRC.Udon.Wrapper.Modules.ExternUnityEngineDebug:__Log__SystemObject__SystemVoid (VRC.Udon.Common.Interfaces.IUdonHeap,System.Span`1<uint>)
VRC.Udon.VM.UdonVM:Interpret ()
VRC.Udon.UdonBehaviour:RunProgram (uint) (at ./Packages/com.vrchat.worlds/Runtime/Udon/UdonBehaviour.cs:1063)
VRC.Udon.UdonBehaviour:RunProgram (string) (at ./Packages/com.vrchat.worlds/Runtime/Udon/UdonBehaviour.cs:1037)
VRC.Udon.UdonBehaviour:SendCustomEvent (string) (at ./Packages/com.vrchat.worlds/Runtime/Udon/UdonBehaviour.cs:1708)
VRC.Udon.Wrapper.Modules.ExternVRCUdonCommonInterfacesIUdonEventReceiver:__SendCustomEvent__SystemString__SystemVoid (VRC.Udon.Common.Interfaces.IUdonHeap,System.Span`1<uint>)
VRC.Udon.VM.UdonVM:Interpret ()
VRC.Udon.UdonBehaviour:RunProgram (uint) (at ./Packages/com.vrchat.worlds/Runtime/Udon/UdonBehaviour.cs:1063)
VRC.Udon.UdonBehaviour:RunEvent<VRC.SDK3.StringLoading.VRCStringDownload> (string,System.ValueTuple`2<string, VRC.SDK3.StringLoading.VRCStringDownload>) (at ./Packages/com.vrchat.worlds/Runtime/Udon/UdonBehaviour.cs:1312)
VRC.SDK3.StringLoading.VRCStringDownload:CompletedRequest ()
VRC.SDK3.StringLoading.VRCStringDownload:<StartAtCorrectTime>b__33_1 (UnityEngine.AsyncOperation)
UnityEngine.AsyncOperation:InvokeCompletionEvent ()

[Fediverse] 投稿プレハブ: Post, PostInfoコンポーネント: なし
UnityEngine.Debug:Log (object)
VRC.Udon.Wrapper.Modules.ExternUnityEngineDebug:__Log__SystemObject__SystemVoid (VRC.Udon.Common.Interfaces.IUdonHeap,System.Span`1<uint>)
VRC.Udon.VM.UdonVM:Interpret ()
VRC.Udon.UdonBehaviour:RunProgram (uint) (at ./Packages/com.vrchat.worlds/Runtime/Udon/UdonBehaviour.cs:1063)
VRC.Udon.UdonBehaviour:RunProgram (string) (at ./Packages/com.vrchat.worlds/Runtime/Udon/UdonBehaviour.cs:1037)
VRC.Udon.UdonBehaviour:SendCustomEvent (string) (at ./Packages/com.vrchat.worlds/Runtime/Udon/UdonBehaviour.cs:1708)
VRC.Udon.Wrapper.Modules.ExternVRCUdonCommonInterfacesIUdonEventReceiver:__SendCustomEvent__SystemString__SystemVoid (VRC.Udon.Common.Interfaces.IUdonHeap,System.Span`1<uint>)
VRC.Udon.VM.UdonVM:Interpret ()
VRC.Udon.UdonBehaviour:RunProgram (uint) (at ./Packages/com.vrchat.worlds/Runtime/Udon/UdonBehaviour.cs:1063)
VRC.Udon.UdonBehaviour:RunEvent<VRC.SDK3.StringLoading.VRCStringDownload> (string,System.ValueTuple`2<string, VRC.SDK3.StringLoading.VRCStringDownload>) (at ./Packages/com.vrchat.worlds/Runtime/Udon/UdonBehaviour.cs:1312)
VRC.SDK3.StringLoading.VRCStringDownload:CompletedRequest ()
VRC.SDK3.StringLoading.VRCStringDownload:<StartAtCorrectTime>b__33_1 (UnityEngine.AsyncOperation)
UnityEngine.AsyncOperation:InvokeCompletionEvent ()

[Fediverse] 投稿0をインスタンス化しました: Post(Clone)
UnityEngine.Debug:Log (object)
VRC.Udon.Wrapper.Modules.ExternUnityEngineDebug:__Log__SystemObject__SystemVoid (VRC.Udon.Common.Interfaces.IUdonHeap,System.Span`1<uint>)
VRC.Udon.VM.UdonVM:Interpret ()
VRC.Udon.UdonBehaviour:RunProgram (uint) (at ./Packages/com.vrchat.worlds/Runtime/Udon/UdonBehaviour.cs:1063)
VRC.Udon.UdonBehaviour:RunProgram (string) (at ./Packages/com.vrchat.worlds/Runtime/Udon/UdonBehaviour.cs:1037)
VRC.Udon.UdonBehaviour:SendCustomEvent (string) (at ./Packages/com.vrchat.worlds/Runtime/Udon/UdonBehaviour.cs:1708)
VRC.Udon.Wrapper.Modules.ExternVRCUdonCommonInterfacesIUdonEventReceiver:__SendCustomEvent__SystemString__SystemVoid (VRC.Udon.Common.Interfaces.IUdonHeap,System.Span`1<uint>)
VRC.Udon.VM.UdonVM:Interpret ()
VRC.Udon.UdonBehaviour:RunProgram (uint) (at ./Packages/com.vrchat.worlds/Runtime/Udon/UdonBehaviour.cs:1063)
VRC.Udon.UdonBehaviour:RunEvent<VRC.SDK3.StringLoading.VRCStringDownload> (string,System.ValueTuple`2<string, VRC.SDK3.StringLoading.VRCStringDownload>) (at ./Packages/com.vrchat.worlds/Runtime/Udon/UdonBehaviour.cs:1312)
VRC.SDK3.StringLoading.VRCStringDownload:CompletedRequest ()
VRC.SDK3.StringLoading.VRCStringDownload:<StartAtCorrectTime>b__33_1 (UnityEngine.AsyncOperation)
UnityEngine.AsyncOperation:InvokeCompletionEvent ()

[Fediverse] 投稿1をインスタンス化しました: Post(Clone)
UnityEngine.Debug:Log (object)
VRC.Udon.Wrapper.Modules.ExternUnityEngineDebug:__Log__SystemObject__SystemVoid (VRC.Udon.Common.Interfaces.IUdonHeap,System.Span`1<uint>)
VRC.Udon.VM.UdonVM:Interpret ()
VRC.Udon.UdonBehaviour:RunProgram (uint) (at ./Packages/com.vrchat.worlds/Runtime/Udon/UdonBehaviour.cs:1063)
VRC.Udon.UdonBehaviour:RunProgram (string) (at ./Packages/com.vrchat.worlds/Runtime/Udon/UdonBehaviour.cs:1037)
VRC.Udon.UdonBehaviour:SendCustomEvent (string) (at ./Packages/com.vrchat.worlds/Runtime/Udon/UdonBehaviour.cs:1708)
VRC.Udon.Wrapper.Modules.ExternVRCUdonCommonInterfacesIUdonEventReceiver:__SendCustomEvent__SystemString__SystemVoid (VRC.Udon.Common.Interfaces.IUdonHeap,System.Span`1<uint>)
VRC.Udon.VM.UdonVM:Interpret ()
VRC.Udon.UdonBehaviour:RunProgram (uint) (at ./Packages/com.vrchat.worlds/Runtime/Udon/UdonBehaviour.cs:1063)
VRC.Udon.UdonBehaviour:RunEvent<VRC.SDK3.StringLoading.VRCStringDownload> (string,System.ValueTuple`2<string, VRC.SDK3.StringLoading.VRCStringDownload>) (at ./Packages/com.vrchat.worlds/Runtime/Udon/UdonBehaviour.cs:1312)
VRC.SDK3.StringLoading.VRCStringDownload:CompletedRequest ()
VRC.SDK3.StringLoading.VRCStringDownload:<StartAtCorrectTime>b__33_1 (UnityEngine.AsyncOperation)
UnityEngine.AsyncOperation:InvokeCompletionEvent ()

[Fediverse] 投稿2をインスタンス化しました: Post(Clone)
UnityEngine.Debug:Log (object)
VRC.Udon.Wrapper.Modules.ExternUnityEngineDebug:__Log__SystemObject__SystemVoid (VRC.Udon.Common.Interfaces.IUdonHeap,System.Span`1<uint>)
VRC.Udon.VM.UdonVM:Interpret ()
VRC.Udon.UdonBehaviour:RunProgram (uint) (at ./Packages/com.vrchat.worlds/Runtime/Udon/UdonBehaviour.cs:1063)
VRC.Udon.UdonBehaviour:RunProgram (string) (at ./Packages/com.vrchat.worlds/Runtime/Udon/UdonBehaviour.cs:1037)
VRC.Udon.UdonBehaviour:SendCustomEvent (string) (at ./Packages/com.vrchat.worlds/Runtime/Udon/UdonBehaviour.cs:1708)
VRC.Udon.Wrapper.Modules.ExternVRCUdonCommonInterfacesIUdonEventReceiver:__SendCustomEvent__SystemString__SystemVoid (VRC.Udon.Common.Interfaces.IUdonHeap,System.Span`1<uint>)
VRC.Udon.VM.UdonVM:Interpret ()
VRC.Udon.UdonBehaviour:RunProgram (uint) (at ./Packages/com.vrchat.worlds/Runtime/Udon/UdonBehaviour.cs:1063)
VRC.Udon.UdonBehaviour:RunEvent<VRC.SDK3.StringLoading.VRCStringDownload> (string,System.ValueTuple`2<string, VRC.SDK3.StringLoading.VRCStringDownload>) (at ./Packages/com.vrchat.worlds/Runtime/Udon/UdonBehaviour.cs:1312)
VRC.SDK3.StringLoading.VRCStringDownload:CompletedRequest ()
VRC.SDK3.StringLoading.VRCStringDownload:<StartAtCorrectTime>b__33_1 (UnityEngine.AsyncOperation)
UnityEngine.AsyncOperation:InvokeCompletionEvent ()

[Fediverse] 投稿3をインスタンス化しました: Post(Clone)
UnityEngine.Debug:Log (object)
VRC.Udon.Wrapper.Modules.ExternUnityEngineDebug:__Log__SystemObject__SystemVoid (VRC.Udon.Common.Interfaces.IUdonHeap,System.Span`1<uint>)
VRC.Udon.VM.UdonVM:Interpret ()
VRC.Udon.UdonBehaviour:RunProgram (uint) (at ./Packages/com.vrchat.worlds/Runtime/Udon/UdonBehaviour.cs:1063)
VRC.Udon.UdonBehaviour:RunProgram (string) (at ./Packages/com.vrchat.worlds/Runtime/Udon/UdonBehaviour.cs:1037)
VRC.Udon.UdonBehaviour:SendCustomEvent (string) (at ./Packages/com.vrchat.worlds/Runtime/Udon/UdonBehaviour.cs:1708)
VRC.Udon.Wrapper.Modules.ExternVRCUdonCommonInterfacesIUdonEventReceiver:__SendCustomEvent__SystemString__SystemVoid (VRC.Udon.Common.Interfaces.IUdonHeap,System.Span`1<uint>)
VRC.Udon.VM.UdonVM:Interpret ()
VRC.Udon.UdonBehaviour:RunProgram (uint) (at ./Packages/com.vrchat.worlds/Runtime/Udon/UdonBehaviour.cs:1063)
VRC.Udon.UdonBehaviour:RunEvent<VRC.SDK3.StringLoading.VRCStringDownload> (string,System.ValueTuple`2<string, VRC.SDK3.StringLoading.VRCStringDownload>) (at ./Packages/com.vrchat.worlds/Runtime/Udon/UdonBehaviour.cs:1312)
VRC.SDK3.StringLoading.VRCStringDownload:CompletedRequest ()
VRC.SDK3.StringLoading.VRCStringDownload:<StartAtCorrectTime>b__33_1 (UnityEngine.AsyncOperation)
UnityEngine.AsyncOperation:InvokeCompletionEvent ()

[Fediverse] 投稿4をインスタンス化しました: Post(Clone)
UnityEngine.Debug:Log (object)
VRC.Udon.Wrapper.Modules.ExternUnityEngineDebug:__Log__SystemObject__SystemVoid (VRC.Udon.Common.Interfaces.IUdonHeap,System.Span`1<uint>)
VRC.Udon.VM.UdonVM:Interpret ()
VRC.Udon.UdonBehaviour:RunProgram (uint) (at ./Packages/com.vrchat.worlds/Runtime/Udon/UdonBehaviour.cs:1063)
VRC.Udon.UdonBehaviour:RunProgram (string) (at ./Packages/com.vrchat.worlds/Runtime/Udon/UdonBehaviour.cs:1037)
VRC.Udon.UdonBehaviour:SendCustomEvent (string) (at ./Packages/com.vrchat.worlds/Runtime/Udon/UdonBehaviour.cs:1708)
VRC.Udon.Wrapper.Modules.ExternVRCUdonCommonInterfacesIUdonEventReceiver:__SendCustomEvent__SystemString__SystemVoid (VRC.Udon.Common.Interfaces.IUdonHeap,System.Span`1<uint>)
VRC.Udon.VM.UdonVM:Interpret ()
VRC.Udon.UdonBehaviour:RunProgram (uint) (at ./Packages/com.vrchat.worlds/Runtime/Udon/UdonBehaviour.cs:1063)
VRC.Udon.UdonBehaviour:RunEvent<VRC.SDK3.StringLoading.VRCStringDownload> (string,System.ValueTuple`2<string, VRC.SDK3.StringLoading.VRCStringDownload>) (at ./Packages/com.vrchat.worlds/Runtime/Udon/UdonBehaviour.cs:1312)
VRC.SDK3.StringLoading.VRCStringDownload:CompletedRequest ()
VRC.SDK3.StringLoading.VRCStringDownload:<StartAtCorrectTime>b__33_1 (UnityEngine.AsyncOperation)
UnityEngine.AsyncOperation:InvokeCompletionEvent ()

[Fediverse] 投稿5をインスタンス化しました: Post(Clone)
UnityEngine.Debug:Log (object)
VRC.Udon.Wrapper.Modules.ExternUnityEngineDebug:__Log__SystemObject__SystemVoid (VRC.Udon.Common.Interfaces.IUdonHeap,System.Span`1<uint>)
VRC.Udon.VM.UdonVM:Interpret ()
VRC.Udon.UdonBehaviour:RunProgram (uint) (at ./Packages/com.vrchat.worlds/Runtime/Udon/UdonBehaviour.cs:1063)
VRC.Udon.UdonBehaviour:RunProgram (string) (at ./Packages/com.vrchat.worlds/Runtime/Udon/UdonBehaviour.cs:1037)
VRC.Udon.UdonBehaviour:SendCustomEvent (string) (at ./Packages/com.vrchat.worlds/Runtime/Udon/UdonBehaviour.cs:1708)
VRC.Udon.Wrapper.Modules.ExternVRCUdonCommonInterfacesIUdonEventReceiver:__SendCustomEvent__SystemString__SystemVoid (VRC.Udon.Common.Interfaces.IUdonHeap,System.Span`1<uint>)
VRC.Udon.VM.UdonVM:Interpret ()
VRC.Udon.UdonBehaviour:RunProgram (uint) (at ./Packages/com.vrchat.worlds/Runtime/Udon/UdonBehaviour.cs:1063)
VRC.Udon.UdonBehaviour:RunEvent<VRC.SDK3.StringLoading.VRCStringDownload> (string,System.ValueTuple`2<string, VRC.SDK3.StringLoading.VRCStringDownload>) (at ./Packages/com.vrchat.worlds/Runtime/Udon/UdonBehaviour.cs:1312)
VRC.SDK3.StringLoading.VRCStringDownload:CompletedRequest ()
VRC.SDK3.StringLoading.VRCStringDownload:<StartAtCorrectTime>b__33_1 (UnityEngine.AsyncOperation)
UnityEngine.AsyncOperation:InvokeCompletionEvent ()

[Fediverse] 投稿6をインスタンス化しました: Post(Clone)
UnityEngine.Debug:Log (object)
VRC.Udon.Wrapper.Modules.ExternUnityEngineDebug:__Log__SystemObject__SystemVoid (VRC.Udon.Common.Interfaces.IUdonHeap,System.Span`1<uint>)
VRC.Udon.VM.UdonVM:Interpret ()
VRC.Udon.UdonBehaviour:RunProgram (uint) (at ./Packages/com.vrchat.worlds/Runtime/Udon/UdonBehaviour.cs:1063)
VRC.Udon.UdonBehaviour:RunProgram (string) (at ./Packages/com.vrchat.worlds/Runtime/Udon/UdonBehaviour.cs:1037)
VRC.Udon.UdonBehaviour:SendCustomEvent (string) (at ./Packages/com.vrchat.worlds/Runtime/Udon/UdonBehaviour.cs:1708)
VRC.Udon.Wrapper.Modules.ExternVRCUdonCommonInterfacesIUdonEventReceiver:__SendCustomEvent__SystemString__SystemVoid (VRC.Udon.Common.Interfaces.IUdonHeap,System.Span`1<uint>)
VRC.Udon.VM.UdonVM:Interpret ()
VRC.Udon.UdonBehaviour:RunProgram (uint) (at ./Packages/com.vrchat.worlds/Runtime/Udon/UdonBehaviour.cs:1063)
VRC.Udon.UdonBehaviour:RunEvent<VRC.SDK3.StringLoading.VRCStringDownload> (string,System.ValueTuple`2<string, VRC.SDK3.StringLoading.VRCStringDownload>) (at ./Packages/com.vrchat.worlds/Runtime/Udon/UdonBehaviour.cs:1312)
VRC.SDK3.StringLoading.VRCStringDownload:CompletedRequest ()
VRC.SDK3.StringLoading.VRCStringDownload:<StartAtCorrectTime>b__33_1 (UnityEngine.AsyncOperation)
UnityEngine.AsyncOperation:InvokeCompletionEvent ()

[Fediverse] 投稿7をインスタンス化しました: Post(Clone)
UnityEngine.Debug:Log (object)
VRC.Udon.Wrapper.Modules.ExternUnityEngineDebug:__Log__SystemObject__SystemVoid (VRC.Udon.Common.Interfaces.IUdonHeap,System.Span`1<uint>)
VRC.Udon.VM.UdonVM:Interpret ()
VRC.Udon.UdonBehaviour:RunProgram (uint) (at ./Packages/com.vrchat.worlds/Runtime/Udon/UdonBehaviour.cs:1063)
VRC.Udon.UdonBehaviour:RunProgram (string) (at ./Packages/com.vrchat.worlds/Runtime/Udon/UdonBehaviour.cs:1037)
VRC.Udon.UdonBehaviour:SendCustomEvent (string) (at ./Packages/com.vrchat.worlds/Runtime/Udon/UdonBehaviour.cs:1708)
VRC.Udon.Wrapper.Modules.ExternVRCUdonCommonInterfacesIUdonEventReceiver:__SendCustomEvent__SystemString__SystemVoid (VRC.Udon.Common.Interfaces.IUdonHeap,System.Span`1<uint>)
VRC.Udon.VM.UdonVM:Interpret ()
VRC.Udon.UdonBehaviour:RunProgram (uint) (at ./Packages/com.vrchat.worlds/Runtime/Udon/UdonBehaviour.cs:1063)
VRC.Udon.UdonBehaviour:RunEvent<VRC.SDK3.StringLoading.VRCStringDownload> (string,System.ValueTuple`2<string, VRC.SDK3.StringLoading.VRCStringDownload>) (at ./Packages/com.vrchat.worlds/Runtime/Udon/UdonBehaviour.cs:1312)
VRC.SDK3.StringLoading.VRCStringDownload:CompletedRequest ()
VRC.SDK3.StringLoading.VRCStringDownload:<StartAtCorrectTime>b__33_1 (UnityEngine.AsyncOperation)
UnityEngine.AsyncOperation:InvokeCompletionEvent ()

[Fediverse] 投稿8をインスタンス化しました: Post(Clone)
UnityEngine.Debug:Log (object)
VRC.Udon.Wrapper.Modules.ExternUnityEngineDebug:__Log__SystemObject__SystemVoid (VRC.Udon.Common.Interfaces.IUdonHeap,System.Span`1<uint>)
VRC.Udon.VM.UdonVM:Interpret ()
VRC.Udon.UdonBehaviour:RunProgram (uint) (at ./Packages/com.vrchat.worlds/Runtime/Udon/UdonBehaviour.cs:1063)
VRC.Udon.UdonBehaviour:RunProgram (string) (at ./Packages/com.vrchat.worlds/Runtime/Udon/UdonBehaviour.cs:1037)
VRC.Udon.UdonBehaviour:SendCustomEvent (string) (at ./Packages/com.vrchat.worlds/Runtime/Udon/UdonBehaviour.cs:1708)
VRC.Udon.Wrapper.Modules.ExternVRCUdonCommonInterfacesIUdonEventReceiver:__SendCustomEvent__SystemString__SystemVoid (VRC.Udon.Common.Interfaces.IUdonHeap,System.Span`1<uint>)
VRC.Udon.VM.UdonVM:Interpret ()
VRC.Udon.UdonBehaviour:RunProgram (uint) (at ./Packages/com.vrchat.worlds/Runtime/Udon/UdonBehaviour.cs:1063)
VRC.Udon.UdonBehaviour:RunEvent<VRC.SDK3.StringLoading.VRCStringDownload> (string,System.ValueTuple`2<string, VRC.SDK3.StringLoading.VRCStringDownload>) (at ./Packages/com.vrchat.worlds/Runtime/Udon/UdonBehaviour.cs:1312)
VRC.SDK3.StringLoading.VRCStringDownload:CompletedRequest ()
VRC.SDK3.StringLoading.VRCStringDownload:<StartAtCorrectTime>b__33_1 (UnityEngine.AsyncOperation)
UnityEngine.AsyncOperation:InvokeCompletionEvent ()

[Fediverse] 投稿9をインスタンス化しました: Post(Clone)
UnityEngine.Debug:Log (object)
VRC.Udon.Wrapper.Modules.ExternUnityEngineDebug:__Log__SystemObject__SystemVoid (VRC.Udon.Common.Interfaces.IUdonHeap,System.Span`1<uint>)
VRC.Udon.VM.UdonVM:Interpret ()
VRC.Udon.UdonBehaviour:RunProgram (uint) (at ./Packages/com.vrchat.worlds/Runtime/Udon/UdonBehaviour.cs:1063)
VRC.Udon.UdonBehaviour:RunProgram (string) (at ./Packages/com.vrchat.worlds/Runtime/Udon/UdonBehaviour.cs:1037)
VRC.Udon.UdonBehaviour:SendCustomEvent (string) (at ./Packages/com.vrchat.worlds/Runtime/Udon/UdonBehaviour.cs:1708)
VRC.Udon.Wrapper.Modules.ExternVRCUdonCommonInterfacesIUdonEventReceiver:__SendCustomEvent__SystemString__SystemVoid (VRC.Udon.Common.Interfaces.IUdonHeap,System.Span`1<uint>)
VRC.Udon.VM.UdonVM:Interpret ()
VRC.Udon.UdonBehaviour:RunProgram (uint) (at ./Packages/com.vrchat.worlds/Runtime/Udon/UdonBehaviour.cs:1063)
VRC.Udon.UdonBehaviour:RunEvent<VRC.SDK3.StringLoading.VRCStringDownload> (string,System.ValueTuple`2<string, VRC.SDK3.StringLoading.VRCStringDownload>) (at ./Packages/com.vrchat.worlds/Runtime/Udon/UdonBehaviour.cs:1312)
VRC.SDK3.StringLoading.VRCStringDownload:CompletedRequest ()
VRC.SDK3.StringLoading.VRCStringDownload:<StartAtCorrectTime>b__33_1 (UnityEngine.AsyncOperation)
UnityEngine.AsyncOperation:InvokeCompletionEvent ()

[Fediverse] 投稿生成結果: 0/10個の投稿が正常に生成されました
UnityEngine.Debug:Log (object)
VRC.Udon.Wrapper.Modules.ExternUnityEngineDebug:__Log__SystemObject__SystemVoid (VRC.Udon.Common.Interfaces.IUdonHeap,System.Span`1<uint>)
VRC.Udon.VM.UdonVM:Interpret ()
VRC.Udon.UdonBehaviour:RunProgram (uint) (at ./Packages/com.vrchat.worlds/Runtime/Udon/UdonBehaviour.cs:1063)
VRC.Udon.UdonBehaviour:RunProgram (string) (at ./Packages/com.vrchat.worlds/Runtime/Udon/UdonBehaviour.cs:1037)
VRC.Udon.UdonBehaviour:SendCustomEvent (string) (at ./Packages/com.vrchat.worlds/Runtime/Udon/UdonBehaviour.cs:1708)
VRC.Udon.Wrapper.Modules.ExternVRCUdonCommonInterfacesIUdonEventReceiver:__SendCustomEvent__SystemString__SystemVoid (VRC.Udon.Common.Interfaces.IUdonHeap,System.Span`1<uint>)
VRC.Udon.VM.UdonVM:Interpret ()
VRC.Udon.UdonBehaviour:RunProgram (uint) (at ./Packages/com.vrchat.worlds/Runtime/Udon/UdonBehaviour.cs:1063)
VRC.Udon.UdonBehaviour:RunEvent<VRC.SDK3.StringLoading.VRCStringDownload> (string,System.ValueTuple`2<string, VRC.SDK3.StringLoading.VRCStringDownload>) (at ./Packages/com.vrchat.worlds/Runtime/Udon/UdonBehaviour.cs:1312)
VRC.SDK3.StringLoading.VRCStringDownload:CompletedRequest ()
VRC.SDK3.StringLoading.VRCStringDownload:<StartAtCorrectTime>b__33_1 (UnityEngine.AsyncOperation)
UnityEngine.AsyncOperation:InvokeCompletionEvent ()

[Fediverse] postsContainer内の子オブジェクト数: 10
UnityEngine.Debug:Log (object)
VRC.Udon.Wrapper.Modules.ExternUnityEngineDebug:__Log__SystemObject__SystemVoid (VRC.Udon.Common.Interfaces.IUdonHeap,System.Span`1<uint>)
VRC.Udon.VM.UdonVM:Interpret ()
VRC.Udon.UdonBehaviour:RunProgram (uint) (at ./Packages/com.vrchat.worlds/Runtime/Udon/UdonBehaviour.cs:1063)
VRC.Udon.UdonBehaviour:RunProgram (string) (at ./Packages/com.vrchat.worlds/Runtime/Udon/UdonBehaviour.cs:1037)
VRC.Udon.UdonBehaviour:SendCustomEvent (string) (at ./Packages/com.vrchat.worlds/Runtime/Udon/UdonBehaviour.cs:1708)
VRC.Udon.Wrapper.Modules.ExternVRCUdonCommonInterfacesIUdonEventReceiver:__SendCustomEvent__SystemString__SystemVoid (VRC.Udon.Common.Interfaces.IUdonHeap,System.Span`1<uint>)
VRC.Udon.VM.UdonVM:Interpret ()
VRC.Udon.UdonBehaviour:RunProgram (uint) (at ./Packages/com.vrchat.worlds/Runtime/Udon/UdonBehaviour.cs:1063)
VRC.Udon.UdonBehaviour:RunEvent<VRC.SDK3.StringLoading.VRCStringDownload> (string,System.ValueTuple`2<string, VRC.SDK3.StringLoading.VRCStringDownload>) (at ./Packages/com.vrchat.worlds/Runtime/Udon/UdonBehaviour.cs:1312)
VRC.SDK3.StringLoading.VRCStringDownload:CompletedRequest ()
VRC.SDK3.StringLoading.VRCStringDownload:<StartAtCorrectTime>b__33_1 (UnityEngine.AsyncOperation)
UnityEngine.AsyncOperation:InvokeCompletionEvent ()

